<class '__main__.Matrix'>
Matrix(5, 4, [[0.6253032698178513, 0.31215809579927667, 0.27303768296160824, 0.15132042283064118], [0.4269111485435122, 0.9374524292645993, 0.655348344942642, 0.11778549749389378], [0.8139135389912128, 0.33848836863238907, 0.876160967246958, 0.07316261488336717], [0.853742087380778, 0.4133184251075196, 0.48399175937057193, 0.5384687370990743], [0.7224241353702999, 0.2355627874305456, 0.8030425099827737, 0.1510840356462516]])
|  0.63  0.31  0.27  0.15 |
|  0.43  0.94  0.66  0.12 |
|  0.81  0.34  0.88  0.07 |
|  0.85  0.41  0.48  0.54 |
|  0.72  0.24  0.80  0.15 |

5
4
(5, 4)
2.51184278802341
'Matrix' object has no attribute 'get_trace'

[0.6253032698178513, 0.31215809579927667, 0.27303768296160824, 0.15132042283064118]
0.31215809579927667

matrix and vector dimensions mismatch

[0, 1, 2, 0.8235596883543986]
[0, 0.608661009434947, 2, 0.8235596883543986]

|  0.10  0.04  0.15  0.23 |
|  0.18  0.09  0.32  0.01 |
|  0.12  0.72  0.30  0.61 |
|  0.29  0.78  0.64  0.51 |
|  0.04  0.63  0.79  0.30 |

|  0.10  0.65  2.15  1.05 |
|  0.61  1.03  0.97  0.13 |
|  0.94  1.06  1.17  0.68 |
|  1.14  1.19  1.12  1.05 |
|  0.76  0.86  1.59  0.45 |

|  0.10  0.65  2.15  1.05 |
|  0.61  1.03  0.97  0.13 |
|  0.94  1.06  1.17  0.68 |
|  1.14  1.19  1.12  1.05 |
|  0.76  0.86  1.59  0.45 |

|  0.54  0.14  0.46  0.95  0.93 |
|  0.86  0.15  0.71  0.63  0.85 |
|  0.20  0.44  0.07  0.82  0.51 |
|  0.31  0.59  0.44  0.05  0.26 |

|  5.85  5.27  5.63  6.40  6.50 |
|  4.65  4.06  4.42  5.19  5.29 |
|  5.76  5.17  5.53  6.30  6.40 |
|  6.41  5.82  6.18  6.95  7.05 |
|  5.57  4.99  5.35  6.12  6.21 |

|  5.85  5.27  5.63  6.40  6.50 |
|  4.65  4.06  4.42  5.19  5.29 |
|  5.76  5.17  5.53  6.30  6.40 |
|  6.41  5.82  6.18  6.95  7.05 |
|  5.57  4.99  5.35  6.12  6.21 |

<class '__main__.Square'>
Square(4, [[0.4173102801685389, 0.33638532966364354, 0.9084712237917415, 0.673288764887745], [0.3086427388293643, 0.2525493620328365, 0.19510665103235947, 0.8550773560698048], [0.518623718392901, 0.6309375970521096, 0.2914769106238656, 0.2504462087885414], [0.9944967061046451, 0.25858077838089544, 0.4495843228175286, 0.6342853729878274]])
|  0.42  0.34  0.91  0.67 |
|  0.31  0.25  0.20  0.86 |
|  0.52  0.63  0.29  0.25 |
|  0.99  0.26  0.45  0.63 |

4
(4, 4)
2.229186559409572
1.5956219258130684

<class '__main__.Triangular'>
Triangular(3, [[0.6584103049904411, 0.13278564821686534, 0.40410453776585875], [0, 0.03173736072548805, 0.1075597024744731], [0, 0, 0.39812935760515156]])
|  0.66  0.13  0.40 |
|  0.00  0.03  0.11 |
|  0.00  0.00  0.40 |

3
(3, 3)
0.8862956451332955
1.0882770233210808

<class '__main__.Identity'>
Identity(4, [[1, 0, 0, 0], [0, 1, 0, 0], [0, 0, 1, 0], [0, 0, 0, 1]])
|  1.00  0.00  0.00  0.00 |
|  0.00  1.00  0.00  0.00 |
|  0.00  0.00  1.00  0.00 |
|  0.00  0.00  0.00  1.00 |

4
(4, 4)
2.0
4

[1, 0, 0, 0]
0

unsupported operation for this class

<class '__main__.Vector'>
Vector(5, [0.20596067756611902, 0.7451873545474157, 0.42392962121021904, 0.9104505004452758, 0.7222110987205337])
|  0.21 |
|  0.75 |
|  0.42 |
|  0.91 |
|  0.72 |

5
5
(5, 1)
1.4587492254313228
0.9999999999999999

0.14118991391767188
0.88523847992892

|  0.23 |
|  0.92 |
|  0.70 |
|  0.17 |
|  0.93 |

|  1.11 |
|  1.43 |
|  0.99 |
|  0.80 |
|  1.43 |

|  1.11 |
|  1.43 |
|  0.99 |
|  0.80 |
|  1.43 |

3.720912935996216
3.720912935996216

|  0.26 |
|  1.31 |
|  0.69 |
|  0.14 |
|  1.33 |

<class '__main__.Indicator'>
Indicator(5, [0, 0, 1, 0, 0])
|  0.00 |
|  0.00 |
|  1.00 |
|  0.00 |
|  0.00 |

5
5
(5, 1)
1.0

| 21.80 |
| 17.30 |
| 21.43 |
| 23.85 |
| 20.75 |

| 17.26 |
| 13.70 |
| 16.97 |
| 18.88 |
| 16.43 |

