Let's do Java!
10
-2.8099999868869783
x foobar 3
0.20230243301241635 is smaller than 0.5
Variable c does equal 3
Variable d does not equal 3 but 4
0.20230243301241635 and 0.12211282480842256 are smaller than 0.5
0.20230243301241635 or 0.12211282480842256 is smaller than 0.5
Random number r equals 0.202
Constant CONST equals    42
Variable integer equals 123
Variable real equals 123.456
1
2
3
4
5
  01
  11
  21
  31
  41
*
**
***
****
*****
43.0
21.5
10.75
5.375
2.6875
1.34375
0.671875
1.34375
2.6875
5.375
10.75
21.5
43.0
86.0
Variable val equals 172.0
Square of val equals 29584.0
Square root of val equals 13.114877048604
GCD of 1 and 42 using iteration is 1
GCD of 1 and 42 using recursion is 1
GCD of 1 and 42 using iteration is 1
GCD of 1 and 42 using recursion is 1
0.0
0.0
0.0
0.0
0.0
0.7462256673568819
0.39395263865427244
0.8790693819490812
0.6714563278553988
0.0711316605410709
1. item in list is 3
2. item in list is 8
3. item in list is 7
4. item in list is 4
5. item in list is 4
Item in set is 3
Item in set is 4
Item in set is 7
Item in set is 8
Key 3 in map points to value 3.1151501167854665
Key 5 in map points to value 5.046410689559636
Key 7 in map points to value 7.0687462619863055
Key 9 in map points to value 9.891178443704122
Lorem ipsum dolor sit amet, consectetur adipiscing elit. Nunc eleifend, magna ac lacinia finibus, metus purus facilisis nunc, ut auctor metus sem consequat justo. Pellentesque nec odio vitae elit cursus accumsan sit amet non diam. Vivamus in justo varius, commodo arcu dapibus, consequat dui. Praesent tristique nibh condimentum urna interdum porttitor. Aliquam dignissim elit id augue accumsan tristique. Integer viverra augue mauris. Maecenas lacinia eget magna eget aliquam. Maecenas at mauris lacus.
Curabitur sodales ipsum id ornare blandit. In tempor felis nec diam pulvinar efficitur. Aenean blandit, tortor ac ultricies hendrerit, tellus augue imperdiet sapien, ac accumsan mauris mauris et risus. Nullam ut ante sed libero porta tincidunt. Fusce mollis lorem vehicula lorem pharetra, ac auctor sapien accumsan. Sed fringilla ante a mi hendrerit, sed blandit diam vehicula. Pellentesque habitant morbi tristique senectus et netus et malesuada fames ac turpis egestas. Maecenas venenatis non arcu non elementum. Morbi bibendum, dolor a ornare scelerisque, risus diam suscipit purus, fermentum maximus ante enim at velit. Nulla id nulla ultricies, vestibulum lacus vel, auctor justo. Cras aliquet pharetra eros tincidunt consectetur. Fusce dignissim magna eu convallis mollis. Sed hendrerit lobortis urna, ut facilisis justo malesuada nec.
Fusce fermentum sapien et leo iaculis venenatis. In rutrum auctor mauris eget aliquam. Donec ac nibh tellus. Integer imperdiet, dolor id tincidunt blandit, lectus leo dictum nisi, a pellentesque urna quam non lorem. Aliquam quis congue ex. Cras molestie fermentum metus sed finibus. Phasellus auctor malesuada nibh eu blandit. Quisque vitae iaculis urna. Etiam egestas mattis vulputate. Proin at nisi et eros dictum facilisis a non massa. Cras nisi nunc, commodo vulputate egestas non, iaculis in purus. Mauris dictum luctus sem, id tincidunt lorem aliquet ut. Nulla facilisi. Aliquam erat volutpat.
Aliquam quis aliquet urna. Suspendisse ut placerat justo. Aliquam eget velit ut lorem ultricies venenatis a non urna. Suspendisse potenti. Fusce feugiat risus nibh, non pulvinar purus euismod eu. Donec vehicula, nisl eget dignissim gravida, nunc odio sodales massa, eu finibus leo massa vitae sem. Nam condimentum, nulla ut malesuada posuere, mauris ex dapibus ligula, eget facilisis odio risus non nibh. Vestibulum rutrum, est at interdum finibus, metus ante sollicitudin enim, sed tincidunt metus dui gravida libero. Aliquam a dapibus massa. Curabitur hendrerit suscipit ex a ornare. Sed non tellus in ante semper pharetra. Nullam faucibus non tellus sit amet feugiat.
Nam vitae augue diam. In commodo nisi ex, at porta libero porta nec. Maecenas vestibulum lacus vel tellus consectetur, id sodales quam hendrerit. Mauris at metus ultrices, sagittis leo sed, dignissim arcu. Quisque consectetur eros est, a rutrum sapien maximus ut. Suspendisse nec vulputate magna. Ut vitae ultrices elit, eu accumsan orci. Aenean ex ex, facilisis eget rutrum ut, volutpat in est. Donec auctor mollis gravida. In volutpat tellus a eros vehicula semper at non odio. Suspendisse iaculis auctor placerat. Aenean blandit lectus maximus, pretium purus a, convallis orci. Duis sit amet euismod nisi.
null
