Number: 6
Length: 9
Maximum: 16
Sequence: 6 3 10 5 16 8 4 2 1

Number: 12
Length: 10
Maximum: 16
Sequence: 12 6 3 10 5 16 8 4 2 1

Number: 19
Length: 21
Maximum: 88
Sequence: 19 58 29 88 44 22 11 34 17 52 26 13 40 20 10 5 16 8 4 2 1

Number: 27
Length: 112
Maximum: 9,232
Sequence: 27 82 41 124 62 31 94 47 142 71 214 107 322 161 484 242 121 364 182 91 274 137 412 206 103 310 155 466 233 700 350 175 526 263 790 395 1,186 593 1,780 890 445 1,336 668 334 167 502 251 754 377 1,132 566 283 850 425 1,276 638 319 958 479 1,438 719 2,158 1,079 3,238 1,619 4,858 2,429 7,288 3,644 1,822 911 2,734 1,367 4,102 2,051 6,154 3,077 9,232 4,616 2,308 1,154 577 1,732 866 433 1,300 650 325 976 488 244 122 61 184 92 46 23 70 35 106 53 160 80 40 20 10 5 16 8 4 2 1

Number: 871
Length: 179
Maximum: 190,996
Sequence: 871 2,614 1,307 3,922 1,961 5,884 2,942 1,471 4,414 2,207 6,622 3,311 9,934 4,967 14,902 7,451 22,354 11,177 33,532 16,766 8,383 25,150 12,575 37,726 18,863 56,590 28,295 84,886 42,443 127,330 63,665 190,996 95,498 47,749 143,248 71,624 35,812 17,906 8,953 26,860 13,430 6,715 20,146 10,073 30,220 15,110 7,555 22,666 11,333 34,000 17,000 8,500 4,250 2,125 6,376 3,188 1,594 797 2,392 1,196 598 299 898 449 1,348 674 337 1,012 506 253 760 380 190 95 286 143 430 215 646 323 970 485 1,456 728 364 182 91 274 137 412 206 103 310 155 466 233 700 350 175 526 263 790 395 1,186 593 1,780 890 445 1,336 668 334 167 502 251 754 377 1,132 566 283 850 425 1,276 638 319 958 479 1,438 719 2,158 1,079 3,238 1,619 4,858 2,429 7,288 3,644 1,822 911 2,734 1,367 4,102 2,051 6,154 3,077 9,232 4,616 2,308 1,154 577 1,732 866 433 1,300 650 325 976 488 244 122 61 184 92 46 23 70 35 106 53 160 80 40 20 10 5 16 8 4 2 1

Number: 6,171
Length: 262
Maximum: 975,400
Sequence: 6,171 18,514 9,257 27,772 13,886 6,943 20,830 10,415 31,246 15,623 46,870 23,435 70,306 35,153 105,460 52,730 26,365 79,096 39,548 19,774 9,887 29,662 14,831 44,494 22,247 66,742 33,371 100,114 50,057 150,172 75,086 37,543 112,630 56,315 168,946 84,473 253,420 126,710 63,355 190,066 95,033 285,100 142,550 71,275 213,826 106,913 320,740 160,370 80,185 240,556 120,278 60,139 180,418 90,209 270,628 135,314 67,657 202,972 101,486 50,743 152,230 76,115 228,346 114,173 342,520 171,260 85,630 42,815 128,446 64,223 192,670 96,335 289,006 144,503 433,510 216,755 650,266 325,133 975,400 487,700 243,850 121,925 365,776 182,888 91,444 45,722 22,861 68,584 34,292 17,146 8,573 25,720 12,860 6,430 3,215 9,646 4,823 14,470 7,235 21,706 10,853 32,560 16,280 8,140 4,070 2,035 6,106 3,053 9,160 4,580 2,290 1,145 3,436 1,718 859 2,578 1,289 3,868 1,934 967 2,902 1,451 4,354 2,177 6,532 3,266 1,633 4,900 2,450 1,225 3,676 1,838 919 2,758 1,379 4,138 2,069 6,208 3,104 1,552 776 388 194 97 292 146 73 220 110 55 166 83 250 125 376 188 94 47 142 71 214 107 322 161 484 242 121 364 182 91 274 137 412 206 103 310 155 466 233 700 350 175 526 263 790 395 1,186 593 1,780 890 445 1,336 668 334 167 502 251 754 377 1,132 566 283 850 425 1,276 638 319 958 479 1,438 719 2,158 1,079 3,238 1,619 4,858 2,429 7,288 3,644 1,822 911 2,734 1,367 4,102 2,051 6,154 3,077 9,232 4,616 2,308 1,154 577 1,732 866 433 1,300 650 325 976 488 244 122 61 184 92 46 23 70 35 106 53 160 80 40 20 10 5 16 8 4 2 1

Number: 77,031
Length: 351
Maximum: 21,933,016
Sequence: 77,031 231,094 115,547 346,642 173,321 519,964 259,982 129,991 389,974 194,987 584,962 292,481 877,444 438,722 219,361 658,084 329,042 164,521 493,564 246,782 123,391 370,174 185,087 555,262 277,631 832,894 416,447 1,249,342 624,671 1,874,014 937,007 2,811,022 1,405,511 4,216,534 2,108,267 6,324,802 3,162,401 9,487,204 4,743,602 2,371,801 7,115,404 3,557,702 1,778,851 5,336,554 2,668,277 8,004,832 4,002,416 2,001,208 1,000,604 500,302 250,151 750,454 375,227 1,125,682 562,841 1,688,524 844,262 422,131 1,266,394 633,197 1,899,592 949,796 474,898 237,449 712,348 356,174 178,087 534,262 267,131 801,394 400,697 1,202,092 601,046 300,523 901,570 450,785 1,352,356 676,178 338,089 1,014,268 507,134 253,567 760,702 380,351 1,141,054 570,527 1,711,582 855,791 2,567,374 1,283,687 3,851,062 1,925,531 5,776,594 2,888,297 8,664,892 4,332,446 2,166,223 6,498,670 3,249,335 9,748,006 4,874,003 14,622,010 7,311,005 21,933,016 10,966,508 5,483,254 2,741,627 8,224,882 4,112,441 12,337,324 6,168,662 3,084,331 9,252,994 4,626,497 13,879,492 6,939,746 3,469,873 10,409,620 5,204,810 2,602,405 7,807,216 3,903,608 1,951,804 975,902 487,951 1,463,854 731,927 2,195,782 1,097,891 3,293,674 1,646,837 4,940,512 2,470,256 1,235,128 617,564 308,782 154,391 463,174 231,587 694,762 347,381 1,042,144 521,072 260,536 130,268 65,134 32,567 97,702 48,851 146,554 73,277 219,832 109,916 54,958 27,479 82,438 41,219 123,658 61,829 185,488 92,744 46,372 23,186 11,593 34,780 17,390 8,695 26,086 13,043 39,130 19,565 58,696 29,348 14,674 7,337 22,012 11,006 5,503 16,510 8,255 24,766 12,383 37,150 18,575 55,726 27,863 83,590 41,795 125,386 62,693 188,080 94,040 47,020 23,510 11,755 35,266 17,633 52,900 26,450 13,225 39,676 19,838 9,919 29,758 14,879 44,638 22,319 66,958 33,479 100,438 50,219 150,658 75,329 225,988 112,994 56,497 169,492 84,746 42,373 127,120 63,560 31,780 15,890 7,945 23,836 11,918 5,959 17,878 8,939 26,818 13,409 40,228 20,114 10,057 30,172 15,086 7,543 22,630 11,315 33,946 16,973 50,920 25,460 12,730 6,365 19,096 9,548 4,774 2,387 7,162 3,581 10,744 5,372 2,686 1,343 4,030 2,015 6,046 3,023 9,070 4,535 13,606 6,803 20,410 10,205 30,616 15,308 7,654 3,827 11,482 5,741 17,224 8,612 4,306 2,153 6,460 3,230 1,615 4,846 2,423 7,270 3,635 10,906 5,453 16,360 8,180 4,090 2,045 6,136 3,068 1,534 767 2,302 1,151 3,454 1,727 5,182 2,591 7,774 3,887 11,662 5,831 17,494 8,747 26,242 13,121 39,364 19,682 9,841 29,524 14,762 7,381 22,144 11,072 5,536 2,768 1,384 692 346 173 520 260 130 65 196 98 49 148 74 37 112 56 28 14 7 22 11 34 17 52 26 13 40 20 10 5 16 8 4 2 1

