1
11
21
1211
111221
312211
13112221
1113213211
31131211131221
13211311123113112211
11131221133112132113212221

2
12
1112
3112
132112
1113122112
311311222112
13211321322112
1113122113121113222112
31131122211311123113322112
132113213221133112132123222112

3
13
1113
3113
132113
1113122113
311311222113
13211321322113
1113122113121113222113
31131122211311123113322113
132113213221133112132123222113

4
14
1114
3114
132114
1113122114
311311222114
13211321322114
1113122113121113222114
31131122211311123113322114
132113213221133112132123222114

5
15
1115
3115
132115
1113122115
311311222115
13211321322115
1113122113121113222115
31131122211311123113322115
132113213221133112132123222115

6
16
1116
3116
132116
1113122116
311311222116
13211321322116
1113122113121113222116
31131122211311123113322116
132113213221133112132123222116

